<?xml version="1.0" encoding="UTF-8"?>
<!-- Generated by org.testng.reporters.JUnitReportReporter -->
<testsuite hostname="Raghav" failures="0" tests="1" name="com.comcast.crm.campaigns.MassEditForCampaign" time="85.771" errors="0" timestamp="03 Jun 2024 17:40:12 GMT" skipped="0">
  <testcase classname="com.comcast.crm.campaigns.MassEditForCampaign" name="editCampaignStatusInMassEditThroughCampaigns" time="85.771"/>
</testsuite> <!-- com.comcast.crm.campaigns.MassEditForCampaign -->
