<?xml version="1.0" encoding="UTF-8"?>
<!-- Generated by org.testng.reporters.JUnitReportReporter -->
<testsuite hostname="TYSS-Magendran" failures="0" tests="2" name="com.comcast.crm.quotestest.createQuotesTest" time="35.150" errors="0" timestamp="04 Jun 2024 09:22:46 GMT" skipped="0">
  <testcase classname="com.comcast.crm.quotestest.createQuotesTest" name="deleteQuotes" time="6.920"/>
  <testcase classname="com.comcast.crm.quotestest.createQuotesTest" name="createQuotesPage" time="28.230"/>
</testsuite> <!-- com.comcast.crm.quotestest.createQuotesTest -->
