<?xml version="1.0" encoding="UTF-8"?>
<!-- Generated by org.testng.reporters.JUnitReportReporter -->
<testsuite hostname="TYSS-Magendran" failures="0" tests="1" name="com.comcast.crm.quotestest.navigateToOrganizationTest" time="18.627" errors="0" timestamp="04 Jun 2024 09:30:13 GMT" skipped="0">
  <testcase classname="com.comcast.crm.quotestest.navigateToOrganizationTest" name="organizationPageNavigation" time="18.627"/>
</testsuite> <!-- com.comcast.crm.quotestest.navigateToOrganizationTest -->
