<?xml version="1.0" encoding="UTF-8"?>
<!-- Generated by org.testng.reporters.JUnitReportReporter -->
<testsuite hostname="TYSS-Magendran" failures="0" tests="2" name="com.comcast.crm.quotestest.deleteCreatedQuotesTest" time="53.643" errors="0" timestamp="04 Jun 2024 09:21:47 GMT" skipped="0">
  <testcase classname="com.comcast.crm.quotestest.deleteCreatedQuotesTest" name="deleteQuotesPage" time="18.664"/>
  <testcase classname="com.comcast.crm.quotestest.deleteCreatedQuotesTest" name="createQuotesPage" time="34.979"/>
</testsuite> <!-- com.comcast.crm.quotestest.deleteCreatedQuotesTest -->
