<?xml version="1.0" encoding="UTF-8"?>
<!-- Generated by org.testng.reporters.JUnitReportReporter -->
<testsuite hostname="TYSS-Magendran" failures="0" tests="1" name="com.comcast.crm.quotestest.navigateToOrganizationTest" time="21.367" errors="0" timestamp="04 Jun 2024 04:39:05 GMT" skipped="0">
  <testcase classname="com.comcast.crm.quotestest.navigateToOrganizationTest" name="organizationPageNavigation" time="21.367"/>
</testsuite> <!-- com.comcast.crm.quotestest.navigateToOrganizationTest -->
