<?xml version="1.0" encoding="UTF-8"?>
<!-- Generated by org.testng.reporters.JUnitReportReporter -->
<testsuite hostname="TYSS-Jhanvi-Asopa" failures="0" tests="1" name="com.comcast.crm.organizationtest.createOrganization" time="31.799" errors="0" timestamp="04 Jun 2024 07:11:50 GMT" skipped="0">
  <testcase classname="com.comcast.crm.organizationtest.createOrganization" name="user_is_able_to_create_a_Organization" time="31.799"/>
</testsuite> <!-- com.comcast.crm.organizationtest.createOrganization -->
