<?xml version="1.0" encoding="UTF-8"?>
<!-- Generated by org.testng.reporters.JUnitReportReporter -->
<testsuite hostname="TYSS-Magendran" failures="0" tests="2" name="com.comcast.crm.quotestest.createQuotesTest" time="45.754" errors="0" timestamp="03 Jun 2024 13:18:21 GMT" skipped="0">
  <testcase classname="com.comcast.crm.quotestest.createQuotesTest" name="createQuotesPage" time="32.953"/>
  <testcase classname="com.comcast.crm.quotestest.createQuotesTest" name="deleteQuotes" time="12.801"/>
</testsuite> <!-- com.comcast.crm.quotestest.createQuotesTest -->
