<?xml version="1.0" encoding="UTF-8"?>
<!-- Generated by org.testng.reporters.JUnitReportReporter -->
<testsuite hostname="TYSS-Magendran" failures="0" tests="2" name="com.comcast.crm.quotestest.deleteCreatedQuotesTest" time="66.390" errors="0" timestamp="04 Jun 2024 04:41:05 GMT" skipped="0">
  <testcase classname="com.comcast.crm.quotestest.deleteCreatedQuotesTest" name="createQuotesPage" time="43.629"/>
  <testcase classname="com.comcast.crm.quotestest.deleteCreatedQuotesTest" name="deleteQuotesPage" time="22.761"/>
</testsuite> <!-- com.comcast.crm.quotestest.deleteCreatedQuotesTest -->
