<?xml version="1.0" encoding="UTF-8"?>
<!-- Generated by org.testng.reporters.JUnitReportReporter -->
<testsuite hostname="TYSS-Magendran" failures="0" tests="1" name="com.comcast.crm.quotestest.navigateToProducts" time="19.721" errors="0" timestamp="04 Jun 2024 04:58:55 GMT" skipped="0">
  <testcase classname="com.comcast.crm.quotestest.navigateToProducts" name="productsPage" time="19.721"/>
</testsuite> <!-- com.comcast.crm.quotestest.navigateToProducts -->
