<?xml version="1.0" encoding="UTF-8"?>
<!-- Generated by org.testng.reporters.JUnitReportReporter -->
<testsuite hostname="Raghav" failures="0" tests="1" name="com.comcast.crm.campaigns.Advance_Search" time="49.127" errors="0" timestamp="04 Jun 2024 04:51:30 GMT" skipped="0">
  <testcase classname="com.comcast.crm.campaigns.Advance_Search" name="searchWithNameContainsInCampaignName" time="49.127"/>
</testsuite> <!-- com.comcast.crm.campaigns.Advance_Search -->
