<?xml version="1.0" encoding="UTF-8"?>
<!-- Generated by org.testng.reporters.JUnitReportReporter -->
<testsuite hostname="TYSS-Magendran" failures="0" tests="1" name="com.comcast.crm.quotestest.NavigateTOQuotes" time="4.834" errors="0" timestamp="03 Jun 2024 07:52:59 GMT" skipped="0">
  <testcase classname="com.comcast.crm.quotestest.NavigateTOQuotes" name="quotesPAge" time="4.834"/>
</testsuite> <!-- com.comcast.crm.quotestest.NavigateTOQuotes -->
