<?xml version="1.0" encoding="UTF-8"?>
<!-- Generated by org.testng.reporters.JUnitReportReporter -->
<testsuite hostname="TYSS-Jhanvi-Asopa" failures="0" tests="1" name="com.comcast.crm.organizationtest.EditOrganizationTest" time="46.575" errors="0" timestamp="04 Jun 2024 06:42:49 GMT" skipped="0">
  <testcase classname="com.comcast.crm.organizationtest.EditOrganizationTest" name="user_is_able_to_edit_the_organization" time="46.575"/>
</testsuite> <!-- com.comcast.crm.organizationtest.EditOrganizationTest -->
