<?xml version="1.0" encoding="UTF-8"?>
<!-- Generated by org.testng.reporters.JUnitReportReporter -->
<testsuite hostname="TYSS-Magendran" failures="0" tests="1" name="com.comcast.crm.quotestest.createFilterTest" time="21.509" errors="0" timestamp="04 Jun 2024 09:44:56 GMT" skipped="0">
  <testcase classname="com.comcast.crm.quotestest.createFilterTest" name="createFilter" time="21.509"/>
</testsuite> <!-- com.comcast.crm.quotestest.createFilterTest -->
