<?xml version="1.0" encoding="UTF-8"?>
<!-- Generated by org.testng.reporters.JUnitReportReporter -->
<testsuite hostname="TYSS-Jhanvi-Asopa" failures="0" tests="1" name="com.comcast.crm.organizationtest.addNoteTest" time="42.594" errors="0" timestamp="04 Jun 2024 07:16:56 GMT" skipped="0">
  <testcase classname="com.comcast.crm.organizationtest.addNoteTest" name="user_is_able_to_add_a_note" time="42.594"/>
</testsuite> <!-- com.comcast.crm.organizationtest.addNoteTest -->
