<?xml version="1.0" encoding="UTF-8"?>
<!-- Generated by org.testng.reporters.JUnitReportReporter -->
<testsuite hostname="TYSS-Magendran" failures="0" tests="1" name="com.comcast.crm.quotestest.createFilterTest" time="8.690" errors="0" timestamp="04 Jun 2024 07:28:32 GMT" skipped="0">
  <testcase classname="com.comcast.crm.quotestest.createFilterTest" name="createFilter" time="8.690"/>
</testsuite> <!-- com.comcast.crm.quotestest.createFilterTest -->
